# JRE version: OpenJDK Runtime Environment Temurin-17.0.7+7 (17.0.7+7) (build 17.0.7+7)
# Java VM: OpenJDK 64-Bit Server VM Temurin-17.0.7+7 (17.0.7+7, mixed mode, tiered, compressed oops, compressed class ptrs, g1 gc, windows-amd64)
GC Precious Log:
 CPUs: 8 total, 8 available
 Memory: 16086M
 Large Page Support: Disabled
 NUMA Support: Disabled
 Compressed Oops: Enabled (Zero based)
 Heap Region Size: 2M
 Heap Min Capacity: 8M
 Heap Initial Capacity: 252M
 Heap Max Capacity: 4022M
 Pre-touch: Disabled
 Parallel Workers: 8
 Concurrent Workers: 2
 Concurrent Refinement Workers: 8
 Periodic GC: Disabled
Heap:
 garbage-first heap   total 143360K, used 58516K [0x0000000704a00000, 0x0000000800000000)
  region size 2048K, 16 young (32768K), 5 survivors (10240K)
 Metaspace       used 36791K, committed 37056K, reserved 1114112K
  class space    used 3831K, committed 3968K, reserved 1048576K
GC Heap History (20 events):
Event: 1.011 GC heap before
{Heap before GC invocations=1 (full 0):
 garbage-first heap   total 258048K, used 32743K [0x0000000704a00000, 0x0000000800000000)
  region size 2048K, 16 young (32768K), 2 survivors (4096K)
 Metaspace       used 18887K, committed 19008K, reserved 1114112K
  class space    used 1952K, committed 2048K, reserved 1048576K
}
Event: 1.015 GC heap after
{Heap after GC invocations=2 (full 0):
 garbage-first heap   total 258048K, used 5524K [0x0000000704a00000, 0x0000000800000000)
  region size 2048K, 1 young (2048K), 1 survivors (2048K)
 Metaspace       used 18887K, committed 19008K, reserved 1114112K
  class space    used 1952K, committed 2048K, reserved 1048576K
}
Event: 1.234 GC heap before
{Heap before GC invocations=2 (full 0):
 garbage-first heap   total 258048K, used 15764K [0x0000000704a00000, 0x0000000800000000)
  region size 2048K, 7 young (14336K), 1 survivors (2048K)
 Metaspace       used 21333K, committed 21504K, reserved 1114112K
  class space    used 2250K, committed 2368K, reserved 1048576K
}
Event: 1.237 GC heap after
{Heap after GC invocations=3 (full 0):
 garbage-first heap   total 258048K, used 6482K [0x0000000704a00000, 0x0000000800000000)
  region size 2048K, 2 young (4096K), 2 survivors (4096K)
 Metaspace       used 21333K, committed 21504K, reserved 1114112K
  class space    used 2250K, committed 2368K, reserved 1048576K
}
Event: 1.463 GC heap before
{Heap before GC invocations=4 (full 0):
 garbage-first heap   total 34816K, used 22866K [0x0000000704a00000, 0x0000000800000000)
  region size 2048K, 11 young (22528K), 2 survivors (4096K)
 Metaspace       used 22522K, committed 22720K, reserved 1114112K
  class space    used 2346K, committed 2432K, reserved 1048576K
}
Event: 1.467 GC heap after
{Heap after GC invocations=5 (full 0):
 garbage-first heap   total 34816K, used 8972K [0x0000000704a00000, 0x0000000800000000)
  region size 2048K, 3 young (6144K), 3 survivors (6144K)
 Metaspace       used 22522K, committed 22720K, reserved 1114112K
  class space    used 2346K, committed 2432K, reserved 1048576K
}
Event: 1.563 GC heap before
{Heap before GC invocations=5 (full 0):
 garbage-first heap   total 34816K, used 23308K [0x0000000704a00000, 0x0000000800000000)
  region size 2048K, 10 young (20480K), 3 survivors (6144K)
 Metaspace       used 22738K, committed 22912K, reserved 1114112K
  class space    used 2358K, committed 2432K, reserved 1048576K
}
Event: 1.569 GC heap after
{Heap after GC invocations=6 (full 0):
 garbage-first heap   total 34816K, used 11044K [0x0000000704a00000, 0x0000000800000000)
  region size 2048K, 2 young (4096K), 2 survivors (4096K)
 Metaspace       used 22738K, committed 22912K, reserved 1114112K
  class space    used 2358K, committed 2432K, reserved 1048576K
}
Event: 1.651 GC heap before
{Heap before GC invocations=6 (full 0):
 garbage-first heap   total 34816K, used 21284K [0x0000000704a00000, 0x0000000800000000)
  region size 2048K, 7 young (14336K), 2 survivors (4096K)
 Metaspace       used 22884K, committed 23104K, reserved 1114112K
  class space    used 2368K, committed 2496K, reserved 1048576K
}
Event: 1.654 GC heap after
{Heap after GC invocations=7 (full 0):
 garbage-first heap   total 34816K, used 11891K [0x0000000704a00000, 0x0000000800000000)
  region size 2048K, 1 young (2048K), 1 survivors (2048K)
 Metaspace       used 22884K, committed 23104K, reserved 1114112K
  class space    used 2368K, committed 2496K, reserved 1048576K
}
Event: 1.719 GC heap before
{Heap before GC invocations=7 (full 0):
 garbage-first heap   total 34816K, used 22131K [0x0000000704a00000, 0x0000000800000000)
  region size 2048K, 6 young (12288K), 1 survivors (2048K)
 Metaspace       used 22961K, committed 23168K, reserved 1114112K
  class space    used 2371K, committed 2496K, reserved 1048576K
}
Event: 1.721 GC heap after
{Heap after GC invocations=8 (full 0):
 garbage-first heap   total 34816K, used 12697K [0x0000000704a00000, 0x0000000800000000)
  region size 2048K, 1 young (2048K), 1 survivors (2048K)
 Metaspace       used 22961K, committed 23168K, reserved 1114112K
  class space    used 2371K, committed 2496K, reserved 1048576K
}
Event: 1.788 GC heap before
{Heap before GC invocations=8 (full 0):
 garbage-first heap   total 34816K, used 22937K [0x0000000704a00000, 0x0000000800000000)
  region size 2048K, 6 young (12288K), 1 survivors (2048K)
 Metaspace       used 23089K, committed 23296K, reserved 1114112K
  class space    used 2372K, committed 2496K, reserved 1048576K
}
Event: 1.791 GC heap after
{Heap after GC invocations=9 (full 0):
 garbage-first heap   total 147456K, used 12958K [0x0000000704a00000, 0x0000000800000000)
  region size 2048K, 1 young (2048K), 1 survivors (2048K)
 Metaspace       used 23089K, committed 23296K, reserved 1114112K
  class space    used 2372K, committed 2496K, reserved 1048576K
}
Event: 2.720 GC heap before
{Heap before GC invocations=9 (full 0):
 garbage-first heap   total 147456K, used 98974K [0x0000000704a00000, 0x0000000800000000)
  region size 2048K, 43 young (88064K), 1 survivors (2048K)
 Metaspace       used 29511K, committed 29760K, reserved 1114112K
  class space    used 3097K, committed 3264K, reserved 1048576K
}
Event: 2.727 GC heap after
{Heap after GC invocations=10 (full 0):
 garbage-first heap   total 147456K, used 17451K [0x0000000704a00000, 0x0000000800000000)
  region size 2048K, 3 young (6144K), 3 survivors (6144K)
 Metaspace       used 29511K, committed 29760K, reserved 1114112K
  class space    used 3097K, committed 3264K, reserved 1048576K
}
Event: 3.667 GC heap before
{Heap before GC invocations=10 (full 0):
 garbage-first heap   total 147456K, used 99371K [0x0000000704a00000, 0x0000000800000000)
  region size 2048K, 43 young (88064K), 3 survivors (6144K)
 Metaspace       used 34525K, committed 34816K, reserved 1114112K
  class space    used 3629K, committed 3776K, reserved 1048576K
}
Event: 3.678 GC heap after
{Heap after GC invocations=11 (full 0):
 garbage-first heap   total 147456K, used 32357K [0x0000000704a00000, 0x0000000800000000)
  region size 2048K, 6 young (12288K), 6 survivors (12288K)
 Metaspace       used 34525K, committed 34816K, reserved 1114112K
  class space    used 3629K, committed 3776K, reserved 1048576K
}
Event: 4.195 GC heap before
{Heap before GC invocations=11 (full 0):
 garbage-first heap   total 147456K, used 85605K [0x0000000704a00000, 0x0000000800000000)
  region size 2048K, 33 young (67584K), 6 survivors (12288K)
 Metaspace       used 35655K, committed 35968K, reserved 1114112K
  class space    used 3724K, committed 3904K, reserved 1048576K
}
Event: 4.205 GC heap after
{Heap after GC invocations=12 (full 0):
 garbage-first heap   total 147456K, used 38036K [0x0000000704a00000, 0x0000000800000000)
  region size 2048K, 5 young (10240K), 5 survivors (10240K)
 Metaspace       used 35655K, committed 35968K, reserved 1114112K
  class space    used 3724K, committed 3904K, reserved 1048576K
}

